2013/12/09 20:31:07 [error] [exception.CDbException] exception 'CDbException' with message 'CDbConnection failed to open the DB connection: could not find driver' in /home/vetal/test/yii-composer/vendor/yiisoft/yii/framework/db/CDbConnection.php:382
Stack trace:
#0 /home/vetal/test/yii-composer/vendor/yiisoft/yii/framework/db/CDbConnection.php(330): CDbConnection->open()
#1 /home/vetal/test/yii-composer/vendor/yiisoft/yii/framework/db/CDbConnection.php(308): CDbConnection->setActive(true)
#2 /home/vetal/test/yii-composer/vendor/yiisoft/yii/framework/base/CModule.php(387): CDbConnection->init()
#3 /home/vetal/test/yii-composer/vendor/yiisoft/yii/framework/base/CModule.php(103): CModule->getComponent('db')
#4 /home/vetal/test/yii-composer/vendor/yiisoft/yii/framework/gii/generators/crud/CrudCode.php(44): CModule->__get('db')
#5 /home/vetal/test/yii-composer/vendor/yiisoft/yii/framework/web/CFormModel.php(39): CrudCode->init()
#6 /home/vetal/test/yii-composer/vendor/yiisoft/yii/framework/gii/CCodeGenerator.php(153): CFormModel->__construct()
#7 /home/vetal/test/yii-composer/vendor/yiisoft/yii/framework/gii/CCodeGenerator.php(63): CCodeGenerator->prepare()
#8 /home/vetal/test/yii-composer/vendor/yiisoft/yii/framework/web/actions/CInlineAction.php(49): CCodeGenerator->actionIndex()
#9 /home/vetal/test/yii-composer/vendor/yiisoft/yii/framework/web/CController.php(308): CInlineAction->runWithParams(Array)
#10 /home/vetal/test/yii-composer/vendor/yiisoft/yii/framework/web/CController.php(286): CController->runAction(Object(CInlineAction))
#11 /home/vetal/test/yii-composer/vendor/yiisoft/yii/framework/web/CController.php(265): CController->runActionWithFilters(Object(CInlineAction), Array)
#12 /home/vetal/test/yii-composer/vendor/yiisoft/yii/framework/web/CWebApplication.php(282): CController->run('index')
#13 /home/vetal/test/yii-composer/vendor/yiisoft/yii/framework/web/CWebApplication.php(141): CWebApplication->runController('gii/bootstrap/i...')
#14 /home/vetal/test/yii-composer/vendor/yiisoft/yii/framework/base/CApplication.php(180): CWebApplication->processRequest()
#15 /home/vetal/test/yii-composer/app/index.php(13): CApplication->run()
#16 {main}
REQUEST_URI=/yii-composer/app/index.php?r=gii/bootstrap/index
HTTP_REFERER=http://test/yii-composer/app/index.php?r=gii/default/index
---
2013/12/09 20:31:25 [error] [exception.CDbException] exception 'CDbException' with message 'CDbConnection failed to open the DB connection: could not find driver' in /home/vetal/test/yii-composer/vendor/yiisoft/yii/framework/db/CDbConnection.php:382
Stack trace:
#0 /home/vetal/test/yii-composer/vendor/yiisoft/yii/framework/db/CDbConnection.php(330): CDbConnection->open()
#1 /home/vetal/test/yii-composer/vendor/yiisoft/yii/framework/db/CDbConnection.php(308): CDbConnection->setActive(true)
#2 /home/vetal/test/yii-composer/vendor/yiisoft/yii/framework/base/CModule.php(387): CDbConnection->init()
#3 /home/vetal/test/yii-composer/vendor/yiisoft/yii/framework/base/CModule.php(103): CModule->getComponent('db')
#4 /home/vetal/test/yii-composer/vendor/yiisoft/yii/framework/gii/generators/crud/CrudCode.php(44): CModule->__get('db')
#5 /home/vetal/test/yii-composer/vendor/yiisoft/yii/framework/web/CFormModel.php(39): CrudCode->init()
#6 /home/vetal/test/yii-composer/vendor/yiisoft/yii/framework/gii/CCodeGenerator.php(153): CFormModel->__construct()
#7 /home/vetal/test/yii-composer/vendor/yiisoft/yii/framework/gii/CCodeGenerator.php(63): CCodeGenerator->prepare()
#8 /home/vetal/test/yii-composer/vendor/yiisoft/yii/framework/web/actions/CInlineAction.php(49): CCodeGenerator->actionIndex()
#9 /home/vetal/test/yii-composer/vendor/yiisoft/yii/framework/web/CController.php(308): CInlineAction->runWithParams(Array)
#10 /home/vetal/test/yii-composer/vendor/yiisoft/yii/framework/web/CController.php(286): CController->runAction(Object(CInlineAction))
#11 /home/vetal/test/yii-composer/vendor/yiisoft/yii/framework/web/CController.php(265): CController->runActionWithFilters(Object(CInlineAction), Array)
#12 /home/vetal/test/yii-composer/vendor/yiisoft/yii/framework/web/CWebApplication.php(282): CController->run('index')
#13 /home/vetal/test/yii-composer/vendor/yiisoft/yii/framework/web/CWebApplication.php(141): CWebApplication->runController('gii/bootstrap/i...')
#14 /home/vetal/test/yii-composer/vendor/yiisoft/yii/framework/base/CApplication.php(180): CWebApplication->processRequest()
#15 /home/vetal/test/yii-composer/app/index.php(13): CApplication->run()
#16 {main}
REQUEST_URI=/yii-composer/app/index.php?r=gii/bootstrap/index
HTTP_REFERER=http://test/yii-composer/app/index.php?r=gii/default/index
---
2013/12/09 20:31:28 [error] [exception.CDbException] exception 'CDbException' with message 'CDbConnection failed to open the DB connection: could not find driver' in /home/vetal/test/yii-composer/vendor/yiisoft/yii/framework/db/CDbConnection.php:382
Stack trace:
#0 /home/vetal/test/yii-composer/vendor/yiisoft/yii/framework/db/CDbConnection.php(330): CDbConnection->open()
#1 /home/vetal/test/yii-composer/vendor/yiisoft/yii/framework/db/CDbConnection.php(308): CDbConnection->setActive(true)
#2 /home/vetal/test/yii-composer/vendor/yiisoft/yii/framework/base/CModule.php(387): CDbConnection->init()
#3 /home/vetal/test/yii-composer/vendor/yiisoft/yii/framework/base/CModule.php(103): CModule->getComponent('db')
#4 /home/vetal/test/yii-composer/vendor/yiisoft/yii/framework/gii/generators/crud/CrudCode.php(44): CModule->__get('db')
#5 /home/vetal/test/yii-composer/vendor/yiisoft/yii/framework/web/CFormModel.php(39): CrudCode->init()
#6 /home/vetal/test/yii-composer/vendor/yiisoft/yii/framework/gii/CCodeGenerator.php(153): CFormModel->__construct()
#7 /home/vetal/test/yii-composer/vendor/yiisoft/yii/framework/gii/CCodeGenerator.php(63): CCodeGenerator->prepare()
#8 /home/vetal/test/yii-composer/vendor/yiisoft/yii/framework/web/actions/CInlineAction.php(49): CCodeGenerator->actionIndex()
#9 /home/vetal/test/yii-composer/vendor/yiisoft/yii/framework/web/CController.php(308): CInlineAction->runWithParams(Array)
#10 /home/vetal/test/yii-composer/vendor/yiisoft/yii/framework/web/CController.php(286): CController->runAction(Object(CInlineAction))
#11 /home/vetal/test/yii-composer/vendor/yiisoft/yii/framework/web/CController.php(265): CController->runActionWithFilters(Object(CInlineAction), Array)
#12 /home/vetal/test/yii-composer/vendor/yiisoft/yii/framework/web/CWebApplication.php(282): CController->run('index')
#13 /home/vetal/test/yii-composer/vendor/yiisoft/yii/framework/web/CWebApplication.php(141): CWebApplication->runController('gii/bootstrap/i...')
#14 /home/vetal/test/yii-composer/vendor/yiisoft/yii/framework/base/CApplication.php(180): CWebApplication->processRequest()
#15 /home/vetal/test/yii-composer/app/index.php(13): CApplication->run()
#16 {main}
REQUEST_URI=/yii-composer/app/index.php?r=gii/bootstrap/index
HTTP_REFERER=http://test/yii-composer/app/index.php?r=gii/default/index
---
2013/12/09 20:31:36 [error] [exception.CDbException] exception 'CDbException' with message 'CDbConnection failed to open the DB connection: could not find driver' in /home/vetal/test/yii-composer/vendor/yiisoft/yii/framework/db/CDbConnection.php:382
Stack trace:
#0 /home/vetal/test/yii-composer/vendor/yiisoft/yii/framework/db/CDbConnection.php(330): CDbConnection->open()
#1 /home/vetal/test/yii-composer/vendor/yiisoft/yii/framework/db/CDbConnection.php(308): CDbConnection->setActive(true)
#2 /home/vetal/test/yii-composer/vendor/yiisoft/yii/framework/base/CModule.php(387): CDbConnection->init()
#3 /home/vetal/test/yii-composer/vendor/yiisoft/yii/framework/base/CModule.php(103): CModule->getComponent('db')
#4 /home/vetal/test/yii-composer/vendor/yiisoft/yii/framework/gii/generators/crud/CrudCode.php(44): CModule->__get('db')
#5 /home/vetal/test/yii-composer/vendor/yiisoft/yii/framework/web/CFormModel.php(39): CrudCode->init()
#6 /home/vetal/test/yii-composer/vendor/yiisoft/yii/framework/gii/CCodeGenerator.php(153): CFormModel->__construct()
#7 /home/vetal/test/yii-composer/vendor/yiisoft/yii/framework/gii/CCodeGenerator.php(63): CCodeGenerator->prepare()
#8 /home/vetal/test/yii-composer/vendor/yiisoft/yii/framework/web/actions/CInlineAction.php(49): CCodeGenerator->actionIndex()
#9 /home/vetal/test/yii-composer/vendor/yiisoft/yii/framework/web/CController.php(308): CInlineAction->runWithParams(Array)
#10 /home/vetal/test/yii-composer/vendor/yiisoft/yii/framework/web/CController.php(286): CController->runAction(Object(CInlineAction))
#11 /home/vetal/test/yii-composer/vendor/yiisoft/yii/framework/web/CController.php(265): CController->runActionWithFilters(Object(CInlineAction), Array)
#12 /home/vetal/test/yii-composer/vendor/yiisoft/yii/framework/web/CWebApplication.php(282): CController->run('index')
#13 /home/vetal/test/yii-composer/vendor/yiisoft/yii/framework/web/CWebApplication.php(141): CWebApplication->runController('gii/bootstrap/i...')
#14 /home/vetal/test/yii-composer/vendor/yiisoft/yii/framework/base/CApplication.php(180): CWebApplication->processRequest()
#15 /home/vetal/test/yii-composer/app/index.php(13): CApplication->run()
#16 {main}
REQUEST_URI=/yii-composer/app/index.php?r=gii/bootstrap/index
HTTP_REFERER=http://test/yii-composer/app/index.php?r=gii/default/index
---
2013/12/09 20:37:09 [error] [exception.CDbException] exception 'CDbException' with message 'CDbConnection failed to open the DB connection: SQLSTATE[28000] [1045] Access denied for user 'trask'@'localhost' (using password: YES)' in /home/vetal/test/yii-composer/vendor/yiisoft/yii/framework/db/CDbConnection.php:382
Stack trace:
#0 /home/vetal/test/yii-composer/vendor/yiisoft/yii/framework/db/CDbConnection.php(330): CDbConnection->open()
#1 /home/vetal/test/yii-composer/vendor/yiisoft/yii/framework/db/CDbConnection.php(308): CDbConnection->setActive(true)
#2 /home/vetal/test/yii-composer/vendor/yiisoft/yii/framework/base/CModule.php(387): CDbConnection->init()
#3 /home/vetal/test/yii-composer/vendor/yiisoft/yii/framework/base/CModule.php(103): CModule->getComponent('db')
#4 /home/vetal/test/yii-composer/vendor/yiisoft/yii/framework/gii/generators/crud/CrudCode.php(44): CModule->__get('db')
#5 /home/vetal/test/yii-composer/vendor/yiisoft/yii/framework/web/CFormModel.php(39): CrudCode->init()
#6 /home/vetal/test/yii-composer/vendor/yiisoft/yii/framework/gii/CCodeGenerator.php(153): CFormModel->__construct()
#7 /home/vetal/test/yii-composer/vendor/yiisoft/yii/framework/gii/CCodeGenerator.php(63): CCodeGenerator->prepare()
#8 /home/vetal/test/yii-composer/vendor/yiisoft/yii/framework/web/actions/CInlineAction.php(49): CCodeGenerator->actionIndex()
#9 /home/vetal/test/yii-composer/vendor/yiisoft/yii/framework/web/CController.php(308): CInlineAction->runWithParams(Array)
#10 /home/vetal/test/yii-composer/vendor/yiisoft/yii/framework/web/CController.php(286): CController->runAction(Object(CInlineAction))
#11 /home/vetal/test/yii-composer/vendor/yiisoft/yii/framework/web/CController.php(265): CController->runActionWithFilters(Object(CInlineAction), Array)
#12 /home/vetal/test/yii-composer/vendor/yiisoft/yii/framework/web/CWebApplication.php(282): CController->run('index')
#13 /home/vetal/test/yii-composer/vendor/yiisoft/yii/framework/web/CWebApplication.php(141): CWebApplication->runController('gii/bootstrap/i...')
#14 /home/vetal/test/yii-composer/vendor/yiisoft/yii/framework/base/CApplication.php(180): CWebApplication->processRequest()
#15 /home/vetal/test/yii-composer/app/index.php(13): CApplication->run()
#16 {main}
REQUEST_URI=/yii-composer/app/index.php?r=gii/bootstrap/index
HTTP_REFERER=http://test/yii-composer/app/index.php?r=gii/default/index
---
2013/12/09 20:37:10 [error] [exception.CDbException] exception 'CDbException' with message 'CDbConnection failed to open the DB connection: SQLSTATE[28000] [1045] Access denied for user 'trask'@'localhost' (using password: YES)' in /home/vetal/test/yii-composer/vendor/yiisoft/yii/framework/db/CDbConnection.php:382
Stack trace:
#0 /home/vetal/test/yii-composer/vendor/yiisoft/yii/framework/db/CDbConnection.php(330): CDbConnection->open()
#1 /home/vetal/test/yii-composer/vendor/yiisoft/yii/framework/db/CDbConnection.php(308): CDbConnection->setActive(true)
#2 /home/vetal/test/yii-composer/vendor/yiisoft/yii/framework/base/CModule.php(387): CDbConnection->init()
#3 /home/vetal/test/yii-composer/vendor/yiisoft/yii/framework/base/CModule.php(103): CModule->getComponent('db')
#4 /home/vetal/test/yii-composer/vendor/yiisoft/yii/framework/gii/generators/crud/CrudCode.php(44): CModule->__get('db')
#5 /home/vetal/test/yii-composer/vendor/yiisoft/yii/framework/web/CFormModel.php(39): CrudCode->init()
#6 /home/vetal/test/yii-composer/vendor/yiisoft/yii/framework/gii/CCodeGenerator.php(153): CFormModel->__construct()
#7 /home/vetal/test/yii-composer/vendor/yiisoft/yii/framework/gii/CCodeGenerator.php(63): CCodeGenerator->prepare()
#8 /home/vetal/test/yii-composer/vendor/yiisoft/yii/framework/web/actions/CInlineAction.php(49): CCodeGenerator->actionIndex()
#9 /home/vetal/test/yii-composer/vendor/yiisoft/yii/framework/web/CController.php(308): CInlineAction->runWithParams(Array)
#10 /home/vetal/test/yii-composer/vendor/yiisoft/yii/framework/web/CController.php(286): CController->runAction(Object(CInlineAction))
#11 /home/vetal/test/yii-composer/vendor/yiisoft/yii/framework/web/CController.php(265): CController->runActionWithFilters(Object(CInlineAction), Array)
#12 /home/vetal/test/yii-composer/vendor/yiisoft/yii/framework/web/CWebApplication.php(282): CController->run('index')
#13 /home/vetal/test/yii-composer/vendor/yiisoft/yii/framework/web/CWebApplication.php(141): CWebApplication->runController('gii/bootstrap/i...')
#14 /home/vetal/test/yii-composer/vendor/yiisoft/yii/framework/base/CApplication.php(180): CWebApplication->processRequest()
#15 /home/vetal/test/yii-composer/app/index.php(13): CApplication->run()
#16 {main}
REQUEST_URI=/yii-composer/app/index.php?r=gii/bootstrap/index
HTTP_REFERER=http://test/yii-composer/app/index.php?r=gii/default/index
---
2013/12/09 20:39:16 [error] [exception.CDbException] exception 'CDbException' with message 'CDbConnection failed to open the DB connection: SQLSTATE[28000] [1045] Access denied for user 'trask'@'localhost' (using password: YES)' in /home/vetal/test/yii-composer/vendor/yiisoft/yii/framework/db/CDbConnection.php:382
Stack trace:
#0 /home/vetal/test/yii-composer/vendor/yiisoft/yii/framework/db/CDbConnection.php(330): CDbConnection->open()
#1 /home/vetal/test/yii-composer/vendor/yiisoft/yii/framework/db/CDbConnection.php(308): CDbConnection->setActive(true)
#2 /home/vetal/test/yii-composer/vendor/yiisoft/yii/framework/base/CModule.php(387): CDbConnection->init()
#3 /home/vetal/test/yii-composer/vendor/yiisoft/yii/framework/base/CModule.php(103): CModule->getComponent('db')
#4 /home/vetal/test/yii-composer/vendor/yiisoft/yii/framework/gii/generators/crud/CrudCode.php(44): CModule->__get('db')
#5 /home/vetal/test/yii-composer/vendor/yiisoft/yii/framework/web/CFormModel.php(39): CrudCode->init()
#6 /home/vetal/test/yii-composer/vendor/yiisoft/yii/framework/gii/CCodeGenerator.php(153): CFormModel->__construct()
#7 /home/vetal/test/yii-composer/vendor/yiisoft/yii/framework/gii/CCodeGenerator.php(63): CCodeGenerator->prepare()
#8 /home/vetal/test/yii-composer/vendor/yiisoft/yii/framework/web/actions/CInlineAction.php(49): CCodeGenerator->actionIndex()
#9 /home/vetal/test/yii-composer/vendor/yiisoft/yii/framework/web/CController.php(308): CInlineAction->runWithParams(Array)
#10 /home/vetal/test/yii-composer/vendor/yiisoft/yii/framework/web/CController.php(286): CController->runAction(Object(CInlineAction))
#11 /home/vetal/test/yii-composer/vendor/yiisoft/yii/framework/web/CController.php(265): CController->runActionWithFilters(Object(CInlineAction), Array)
#12 /home/vetal/test/yii-composer/vendor/yiisoft/yii/framework/web/CWebApplication.php(282): CController->run('index')
#13 /home/vetal/test/yii-composer/vendor/yiisoft/yii/framework/web/CWebApplication.php(141): CWebApplication->runController('gii/bootstrap/i...')
#14 /home/vetal/test/yii-composer/vendor/yiisoft/yii/framework/base/CApplication.php(180): CWebApplication->processRequest()
#15 /home/vetal/test/yii-composer/app/index.php(13): CApplication->run()
#16 {main}
REQUEST_URI=/yii-composer/app/index.php?r=gii/bootstrap/index
HTTP_REFERER=http://test/yii-composer/app/index.php?r=gii/default/index
---
2013/12/09 20:39:17 [error] [exception.CDbException] exception 'CDbException' with message 'CDbConnection failed to open the DB connection: SQLSTATE[28000] [1045] Access denied for user 'trask'@'localhost' (using password: YES)' in /home/vetal/test/yii-composer/vendor/yiisoft/yii/framework/db/CDbConnection.php:382
Stack trace:
#0 /home/vetal/test/yii-composer/vendor/yiisoft/yii/framework/db/CDbConnection.php(330): CDbConnection->open()
#1 /home/vetal/test/yii-composer/vendor/yiisoft/yii/framework/db/CDbConnection.php(308): CDbConnection->setActive(true)
#2 /home/vetal/test/yii-composer/vendor/yiisoft/yii/framework/base/CModule.php(387): CDbConnection->init()
#3 /home/vetal/test/yii-composer/vendor/yiisoft/yii/framework/base/CModule.php(103): CModule->getComponent('db')
#4 /home/vetal/test/yii-composer/vendor/yiisoft/yii/framework/gii/generators/crud/CrudCode.php(44): CModule->__get('db')
#5 /home/vetal/test/yii-composer/vendor/yiisoft/yii/framework/web/CFormModel.php(39): CrudCode->init()
#6 /home/vetal/test/yii-composer/vendor/yiisoft/yii/framework/gii/CCodeGenerator.php(153): CFormModel->__construct()
#7 /home/vetal/test/yii-composer/vendor/yiisoft/yii/framework/gii/CCodeGenerator.php(63): CCodeGenerator->prepare()
#8 /home/vetal/test/yii-composer/vendor/yiisoft/yii/framework/web/actions/CInlineAction.php(49): CCodeGenerator->actionIndex()
#9 /home/vetal/test/yii-composer/vendor/yiisoft/yii/framework/web/CController.php(308): CInlineAction->runWithParams(Array)
#10 /home/vetal/test/yii-composer/vendor/yiisoft/yii/framework/web/CController.php(286): CController->runAction(Object(CInlineAction))
#11 /home/vetal/test/yii-composer/vendor/yiisoft/yii/framework/web/CController.php(265): CController->runActionWithFilters(Object(CInlineAction), Array)
#12 /home/vetal/test/yii-composer/vendor/yiisoft/yii/framework/web/CWebApplication.php(282): CController->run('index')
#13 /home/vetal/test/yii-composer/vendor/yiisoft/yii/framework/web/CWebApplication.php(141): CWebApplication->runController('gii/bootstrap/i...')
#14 /home/vetal/test/yii-composer/vendor/yiisoft/yii/framework/base/CApplication.php(180): CWebApplication->processRequest()
#15 /home/vetal/test/yii-composer/app/index.php(13): CApplication->run()
#16 {main}
REQUEST_URI=/yii-composer/app/index.php?r=gii/bootstrap/index
HTTP_REFERER=http://test/yii-composer/app/index.php?r=gii/default/index
---
2013/12/09 20:41:45 [error] [exception.CDbException] exception 'CDbException' with message 'CDbConnection failed to open the DB connection: SQLSTATE[28000] [1045] Access denied for user 'trask'@'localhost' (using password: YES)' in /home/vetal/test/yii-composer/vendor/yiisoft/yii/framework/db/CDbConnection.php:382
Stack trace:
#0 /home/vetal/test/yii-composer/vendor/yiisoft/yii/framework/db/CDbConnection.php(330): CDbConnection->open()
#1 /home/vetal/test/yii-composer/vendor/yiisoft/yii/framework/db/CDbConnection.php(308): CDbConnection->setActive(true)
#2 /home/vetal/test/yii-composer/vendor/yiisoft/yii/framework/base/CModule.php(387): CDbConnection->init()
#3 /home/vetal/test/yii-composer/vendor/yiisoft/yii/framework/base/CModule.php(103): CModule->getComponent('db')
#4 /home/vetal/test/yii-composer/vendor/yiisoft/yii/framework/gii/generators/crud/CrudCode.php(44): CModule->__get('db')
#5 /home/vetal/test/yii-composer/vendor/yiisoft/yii/framework/web/CFormModel.php(39): CrudCode->init()
#6 /home/vetal/test/yii-composer/vendor/yiisoft/yii/framework/gii/CCodeGenerator.php(153): CFormModel->__construct()
#7 /home/vetal/test/yii-composer/vendor/yiisoft/yii/framework/gii/CCodeGenerator.php(63): CCodeGenerator->prepare()
#8 /home/vetal/test/yii-composer/vendor/yiisoft/yii/framework/web/actions/CInlineAction.php(49): CCodeGenerator->actionIndex()
#9 /home/vetal/test/yii-composer/vendor/yiisoft/yii/framework/web/CController.php(308): CInlineAction->runWithParams(Array)
#10 /home/vetal/test/yii-composer/vendor/yiisoft/yii/framework/web/CController.php(286): CController->runAction(Object(CInlineAction))
#11 /home/vetal/test/yii-composer/vendor/yiisoft/yii/framework/web/CController.php(265): CController->runActionWithFilters(Object(CInlineAction), Array)
#12 /home/vetal/test/yii-composer/vendor/yiisoft/yii/framework/web/CWebApplication.php(282): CController->run('index')
#13 /home/vetal/test/yii-composer/vendor/yiisoft/yii/framework/web/CWebApplication.php(141): CWebApplication->runController('gii/bootstrap/i...')
#14 /home/vetal/test/yii-composer/vendor/yiisoft/yii/framework/base/CApplication.php(180): CWebApplication->processRequest()
#15 /home/vetal/test/yii-composer/app/index.php(13): CApplication->run()
#16 {main}
REQUEST_URI=/yii-composer/app/index.php?r=gii/bootstrap/index
HTTP_REFERER=http://test/yii-composer/app/index.php?r=gii/default/index
---
2013/12/09 20:41:46 [error] [exception.CDbException] exception 'CDbException' with message 'CDbConnection failed to open the DB connection: SQLSTATE[28000] [1045] Access denied for user 'trask'@'localhost' (using password: YES)' in /home/vetal/test/yii-composer/vendor/yiisoft/yii/framework/db/CDbConnection.php:382
Stack trace:
#0 /home/vetal/test/yii-composer/vendor/yiisoft/yii/framework/db/CDbConnection.php(330): CDbConnection->open()
#1 /home/vetal/test/yii-composer/vendor/yiisoft/yii/framework/db/CDbConnection.php(308): CDbConnection->setActive(true)
#2 /home/vetal/test/yii-composer/vendor/yiisoft/yii/framework/base/CModule.php(387): CDbConnection->init()
#3 /home/vetal/test/yii-composer/vendor/yiisoft/yii/framework/base/CModule.php(103): CModule->getComponent('db')
#4 /home/vetal/test/yii-composer/vendor/yiisoft/yii/framework/gii/generators/crud/CrudCode.php(44): CModule->__get('db')
#5 /home/vetal/test/yii-composer/vendor/yiisoft/yii/framework/web/CFormModel.php(39): CrudCode->init()
#6 /home/vetal/test/yii-composer/vendor/yiisoft/yii/framework/gii/CCodeGenerator.php(153): CFormModel->__construct()
#7 /home/vetal/test/yii-composer/vendor/yiisoft/yii/framework/gii/CCodeGenerator.php(63): CCodeGenerator->prepare()
#8 /home/vetal/test/yii-composer/vendor/yiisoft/yii/framework/web/actions/CInlineAction.php(49): CCodeGenerator->actionIndex()
#9 /home/vetal/test/yii-composer/vendor/yiisoft/yii/framework/web/CController.php(308): CInlineAction->runWithParams(Array)
#10 /home/vetal/test/yii-composer/vendor/yiisoft/yii/framework/web/CController.php(286): CController->runAction(Object(CInlineAction))
#11 /home/vetal/test/yii-composer/vendor/yiisoft/yii/framework/web/CController.php(265): CController->runActionWithFilters(Object(CInlineAction), Array)
#12 /home/vetal/test/yii-composer/vendor/yiisoft/yii/framework/web/CWebApplication.php(282): CController->run('index')
#13 /home/vetal/test/yii-composer/vendor/yiisoft/yii/framework/web/CWebApplication.php(141): CWebApplication->runController('gii/bootstrap/i...')
#14 /home/vetal/test/yii-composer/vendor/yiisoft/yii/framework/base/CApplication.php(180): CWebApplication->processRequest()
#15 /home/vetal/test/yii-composer/app/index.php(13): CApplication->run()
#16 {main}
REQUEST_URI=/yii-composer/app/index.php?r=gii/bootstrap/index
HTTP_REFERER=http://test/yii-composer/app/index.php?r=gii/default/index
---
2013/12/09 20:42:43 [error] [exception.CDbException] exception 'CDbException' with message 'CDbConnection failed to open the DB connection: SQLSTATE[28000] [1045] Access denied for user 'trask'@'localhost' (using password: YES)' in /home/vetal/test/yii-composer/vendor/yiisoft/yii/framework/db/CDbConnection.php:382
Stack trace:
#0 /home/vetal/test/yii-composer/vendor/yiisoft/yii/framework/db/CDbConnection.php(330): CDbConnection->open()
#1 /home/vetal/test/yii-composer/vendor/yiisoft/yii/framework/db/CDbConnection.php(308): CDbConnection->setActive(true)
#2 /home/vetal/test/yii-composer/vendor/yiisoft/yii/framework/base/CModule.php(387): CDbConnection->init()
#3 /home/vetal/test/yii-composer/vendor/yiisoft/yii/framework/base/CModule.php(103): CModule->getComponent('db')
#4 /home/vetal/test/yii-composer/vendor/yiisoft/yii/framework/gii/generators/crud/CrudCode.php(44): CModule->__get('db')
#5 /home/vetal/test/yii-composer/vendor/yiisoft/yii/framework/web/CFormModel.php(39): CrudCode->init()
#6 /home/vetal/test/yii-composer/vendor/yiisoft/yii/framework/gii/CCodeGenerator.php(153): CFormModel->__construct()
#7 /home/vetal/test/yii-composer/vendor/yiisoft/yii/framework/gii/CCodeGenerator.php(63): CCodeGenerator->prepare()
#8 /home/vetal/test/yii-composer/vendor/yiisoft/yii/framework/web/actions/CInlineAction.php(49): CCodeGenerator->actionIndex()
#9 /home/vetal/test/yii-composer/vendor/yiisoft/yii/framework/web/CController.php(308): CInlineAction->runWithParams(Array)
#10 /home/vetal/test/yii-composer/vendor/yiisoft/yii/framework/web/CController.php(286): CController->runAction(Object(CInlineAction))
#11 /home/vetal/test/yii-composer/vendor/yiisoft/yii/framework/web/CController.php(265): CController->runActionWithFilters(Object(CInlineAction), Array)
#12 /home/vetal/test/yii-composer/vendor/yiisoft/yii/framework/web/CWebApplication.php(282): CController->run('index')
#13 /home/vetal/test/yii-composer/vendor/yiisoft/yii/framework/web/CWebApplication.php(141): CWebApplication->runController('gii/bootstrap/i...')
#14 /home/vetal/test/yii-composer/vendor/yiisoft/yii/framework/base/CApplication.php(180): CWebApplication->processRequest()
#15 /home/vetal/test/yii-composer/app/index.php(13): CApplication->run()
#16 {main}
REQUEST_URI=/yii-composer/app/index.php?r=gii/bootstrap/index
HTTP_REFERER=http://test/yii-composer/app/index.php?r=gii/default/index
---
2013/12/09 20:42:44 [error] [exception.CDbException] exception 'CDbException' with message 'CDbConnection failed to open the DB connection: SQLSTATE[28000] [1045] Access denied for user 'trask'@'localhost' (using password: YES)' in /home/vetal/test/yii-composer/vendor/yiisoft/yii/framework/db/CDbConnection.php:382
Stack trace:
#0 /home/vetal/test/yii-composer/vendor/yiisoft/yii/framework/db/CDbConnection.php(330): CDbConnection->open()
#1 /home/vetal/test/yii-composer/vendor/yiisoft/yii/framework/db/CDbConnection.php(308): CDbConnection->setActive(true)
#2 /home/vetal/test/yii-composer/vendor/yiisoft/yii/framework/base/CModule.php(387): CDbConnection->init()
#3 /home/vetal/test/yii-composer/vendor/yiisoft/yii/framework/base/CModule.php(103): CModule->getComponent('db')
#4 /home/vetal/test/yii-composer/vendor/yiisoft/yii/framework/gii/generators/crud/CrudCode.php(44): CModule->__get('db')
#5 /home/vetal/test/yii-composer/vendor/yiisoft/yii/framework/web/CFormModel.php(39): CrudCode->init()
#6 /home/vetal/test/yii-composer/vendor/yiisoft/yii/framework/gii/CCodeGenerator.php(153): CFormModel->__construct()
#7 /home/vetal/test/yii-composer/vendor/yiisoft/yii/framework/gii/CCodeGenerator.php(63): CCodeGenerator->prepare()
#8 /home/vetal/test/yii-composer/vendor/yiisoft/yii/framework/web/actions/CInlineAction.php(49): CCodeGenerator->actionIndex()
#9 /home/vetal/test/yii-composer/vendor/yiisoft/yii/framework/web/CController.php(308): CInlineAction->runWithParams(Array)
#10 /home/vetal/test/yii-composer/vendor/yiisoft/yii/framework/web/CController.php(286): CController->runAction(Object(CInlineAction))
#11 /home/vetal/test/yii-composer/vendor/yiisoft/yii/framework/web/CController.php(265): CController->runActionWithFilters(Object(CInlineAction), Array)
#12 /home/vetal/test/yii-composer/vendor/yiisoft/yii/framework/web/CWebApplication.php(282): CController->run('index')
#13 /home/vetal/test/yii-composer/vendor/yiisoft/yii/framework/web/CWebApplication.php(141): CWebApplication->runController('gii/bootstrap/i...')
#14 /home/vetal/test/yii-composer/vendor/yiisoft/yii/framework/base/CApplication.php(180): CWebApplication->processRequest()
#15 /home/vetal/test/yii-composer/app/index.php(13): CApplication->run()
#16 {main}
REQUEST_URI=/yii-composer/app/index.php?r=gii/bootstrap/index
HTTP_REFERER=http://test/yii-composer/app/index.php?r=gii/default/index
---
2013/12/09 20:51:01 [error] [exception.CException] exception 'CException' with message 'Bootstrap and its behaviors do not have a method or closure named "register".' in /home/vetal/test/yii-composer/vendor/yiisoft/yii/framework/base/CComponent.php:266
Stack trace:
#0 /home/vetal/test/yii-composer/app/themes/bootstrap/views/layouts/main.php(12): CComponent->__call('register', Array)
#1 /home/vetal/test/yii-composer/app/themes/bootstrap/views/layouts/main.php(12): Bootstrap->register()
#2 /home/vetal/test/yii-composer/vendor/yiisoft/yii/framework/web/CBaseController.php(126): require('/home/vetal/tes...')
#3 /home/vetal/test/yii-composer/vendor/yiisoft/yii/framework/web/CBaseController.php(95): CBaseController->renderInternal('/home/vetal/tes...', Array, true)
#4 /home/vetal/test/yii-composer/vendor/yiisoft/yii/framework/web/widgets/CContentDecorator.php(76): CBaseController->renderFile('/home/vetal/tes...', Array, true)
#5 /home/vetal/test/yii-composer/vendor/yiisoft/yii/framework/web/widgets/CContentDecorator.php(54): CContentDecorator->decorate('<div id="conten...')
#6 /home/vetal/test/yii-composer/vendor/yiisoft/yii/framework/web/widgets/COutputProcessor.php(44): CContentDecorator->processOutput('<div id="conten...')
#7 /home/vetal/test/yii-composer/vendor/yiisoft/yii/framework/web/CBaseController.php(214): COutputProcessor->run()
#8 /home/vetal/test/yii-composer/vendor/yiisoft/yii/framework/web/CBaseController.php(308): CBaseController->endWidget('CContentDecorat...')
#9 /home/vetal/test/yii-composer/app/protected/views/layouts/column1.php(6): CBaseController->endContent()
#10 /home/vetal/test/yii-composer/vendor/yiisoft/yii/framework/web/CBaseController.php(126): require('/home/vetal/tes...')
#11 /home/vetal/test/yii-composer/vendor/yiisoft/yii/framework/web/CBaseController.php(95): CBaseController->renderInternal('/home/vetal/tes...', Array, true)
#12 /home/vetal/test/yii-composer/vendor/yiisoft/yii/framework/web/CController.php(784): CBaseController->renderFile('/home/vetal/tes...', Array, true)
#13 /home/vetal/test/yii-composer/app/protected/controllers/SiteController.php(32): CController->render('index')
#14 /home/vetal/test/yii-composer/vendor/yiisoft/yii/framework/web/actions/CInlineAction.php(49): SiteController->actionIndex()
#15 /home/vetal/test/yii-composer/vendor/yiisoft/yii/framework/web/CController.php(308): CInlineAction->runWithParams(Array)
#16 /home/vetal/test/yii-composer/vendor/yiisoft/yii/framework/web/CController.php(286): CController->runAction(Object(CInlineAction))
#17 /home/vetal/test/yii-composer/vendor/yiisoft/yii/framework/web/CController.php(265): CController->runActionWithFilters(Object(CInlineAction), Array)
#18 /home/vetal/test/yii-composer/vendor/yiisoft/yii/framework/web/CWebApplication.php(282): CController->run('')
#19 /home/vetal/test/yii-composer/vendor/yiisoft/yii/framework/web/CWebApplication.php(141): CWebApplication->runController('')
#20 /home/vetal/test/yii-composer/vendor/yiisoft/yii/framework/base/CApplication.php(180): CWebApplication->processRequest()
#21 /home/vetal/test/yii-composer/app/index.php(13): CApplication->run()
#22 {main}
REQUEST_URI=/yii-composer/app/index.php
---
2013/12/09 20:51:23 [error] [exception.CException] exception 'CException' with message 'Bootstrap and its behaviors do not have a method or closure named "register".' in /home/vetal/test/yii-composer/vendor/yiisoft/yii/framework/base/CComponent.php:266
Stack trace:
#0 /home/vetal/test/yii-composer/app/themes/bootstrap/views/layouts/main.php(12): CComponent->__call('register', Array)
#1 /home/vetal/test/yii-composer/app/themes/bootstrap/views/layouts/main.php(12): Bootstrap->register()
#2 /home/vetal/test/yii-composer/vendor/yiisoft/yii/framework/web/CBaseController.php(126): require('/home/vetal/tes...')
#3 /home/vetal/test/yii-composer/vendor/yiisoft/yii/framework/web/CBaseController.php(95): CBaseController->renderInternal('/home/vetal/tes...', Array, true)
#4 /home/vetal/test/yii-composer/vendor/yiisoft/yii/framework/web/widgets/CContentDecorator.php(76): CBaseController->renderFile('/home/vetal/tes...', Array, true)
#5 /home/vetal/test/yii-composer/vendor/yiisoft/yii/framework/web/widgets/CContentDecorator.php(54): CContentDecorator->decorate('<div id="conten...')
#6 /home/vetal/test/yii-composer/vendor/yiisoft/yii/framework/web/widgets/COutputProcessor.php(44): CContentDecorator->processOutput('<div id="conten...')
#7 /home/vetal/test/yii-composer/vendor/yiisoft/yii/framework/web/CBaseController.php(214): COutputProcessor->run()
#8 /home/vetal/test/yii-composer/vendor/yiisoft/yii/framework/web/CBaseController.php(308): CBaseController->endWidget('CContentDecorat...')
#9 /home/vetal/test/yii-composer/app/protected/views/layouts/column1.php(6): CBaseController->endContent()
#10 /home/vetal/test/yii-composer/vendor/yiisoft/yii/framework/web/CBaseController.php(126): require('/home/vetal/tes...')
#11 /home/vetal/test/yii-composer/vendor/yiisoft/yii/framework/web/CBaseController.php(95): CBaseController->renderInternal('/home/vetal/tes...', Array, true)
#12 /home/vetal/test/yii-composer/vendor/yiisoft/yii/framework/web/CController.php(784): CBaseController->renderFile('/home/vetal/tes...', Array, true)
#13 /home/vetal/test/yii-composer/app/protected/controllers/SiteController.php(32): CController->render('index')
#14 /home/vetal/test/yii-composer/vendor/yiisoft/yii/framework/web/actions/CInlineAction.php(49): SiteController->actionIndex()
#15 /home/vetal/test/yii-composer/vendor/yiisoft/yii/framework/web/CController.php(308): CInlineAction->runWithParams(Array)
#16 /home/vetal/test/yii-composer/vendor/yiisoft/yii/framework/web/CController.php(286): CController->runAction(Object(CInlineAction))
#17 /home/vetal/test/yii-composer/vendor/yiisoft/yii/framework/web/CController.php(265): CController->runActionWithFilters(Object(CInlineAction), Array)
#18 /home/vetal/test/yii-composer/vendor/yiisoft/yii/framework/web/CWebApplication.php(282): CController->run('')
#19 /home/vetal/test/yii-composer/vendor/yiisoft/yii/framework/web/CWebApplication.php(141): CWebApplication->runController('')
#20 /home/vetal/test/yii-composer/vendor/yiisoft/yii/framework/base/CApplication.php(180): CWebApplication->processRequest()
#21 /home/vetal/test/yii-composer/app/index.php(13): CApplication->run()
#22 {main}
REQUEST_URI=/yii-composer/app/index.php
---
2013/12/09 20:56:13 [error] [exception.CException] exception 'CException' with message 'Alias "bootstrap.widgets.CMenu" is invalid. Make sure it points to an existing PHP file and the file is readable.' in /home/vetal/test/yii-composer/vendor/yiisoft/yii/framework/YiiBase.php:323
Stack trace:
#0 /home/vetal/test/yii-composer/vendor/yiisoft/yii/framework/web/CWidgetFactory.php(146): YiiBase::import('bootstrap.widge...', true)
#1 /home/vetal/test/yii-composer/vendor/yiisoft/yii/framework/web/CBaseController.php(146): CWidgetFactory->createWidget(Object(SiteController), 'bootstrap.widge...', Array)
#2 /home/vetal/test/yii-composer/vendor/yiisoft/yii/framework/web/CBaseController.php(180): CBaseController->createWidget('bootstrap.widge...', Array)
#3 /home/vetal/test/yii-composer/app/protected/views/layouts/main.php(38): CBaseController->widget('bootstrap.widge...', Array)
#4 /home/vetal/test/yii-composer/vendor/yiisoft/yii/framework/web/CBaseController.php(126): require('/home/vetal/tes...')
#5 /home/vetal/test/yii-composer/vendor/yiisoft/yii/framework/web/CBaseController.php(95): CBaseController->renderInternal('/home/vetal/tes...', Array, true)
#6 /home/vetal/test/yii-composer/vendor/yiisoft/yii/framework/web/widgets/CContentDecorator.php(76): CBaseController->renderFile('/home/vetal/tes...', Array, true)
#7 /home/vetal/test/yii-composer/vendor/yiisoft/yii/framework/web/widgets/CContentDecorator.php(54): CContentDecorator->decorate('<div id="conten...')
#8 /home/vetal/test/yii-composer/vendor/yiisoft/yii/framework/web/widgets/COutputProcessor.php(44): CContentDecorator->processOutput('<div id="conten...')
#9 /home/vetal/test/yii-composer/vendor/yiisoft/yii/framework/web/CBaseController.php(214): COutputProcessor->run()
#10 /home/vetal/test/yii-composer/vendor/yiisoft/yii/framework/web/CBaseController.php(308): CBaseController->endWidget('CContentDecorat...')
#11 /home/vetal/test/yii-composer/app/protected/views/layouts/column1.php(6): CBaseController->endContent()
#12 /home/vetal/test/yii-composer/vendor/yiisoft/yii/framework/web/CBaseController.php(126): require('/home/vetal/tes...')
#13 /home/vetal/test/yii-composer/vendor/yiisoft/yii/framework/web/CBaseController.php(95): CBaseController->renderInternal('/home/vetal/tes...', Array, true)
#14 /home/vetal/test/yii-composer/vendor/yiisoft/yii/framework/web/CController.php(784): CBaseController->renderFile('/home/vetal/tes...', Array, true)
#15 /home/vetal/test/yii-composer/app/protected/controllers/SiteController.php(32): CController->render('index')
#16 /home/vetal/test/yii-composer/vendor/yiisoft/yii/framework/web/actions/CInlineAction.php(49): SiteController->actionIndex()
#17 /home/vetal/test/yii-composer/vendor/yiisoft/yii/framework/web/CController.php(308): CInlineAction->runWithParams(Array)
#18 /home/vetal/test/yii-composer/vendor/yiisoft/yii/framework/web/CController.php(286): CController->runAction(Object(CInlineAction))
#19 /home/vetal/test/yii-composer/vendor/yiisoft/yii/framework/web/CController.php(265): CController->runActionWithFilters(Object(CInlineAction), Array)
#20 /home/vetal/test/yii-composer/vendor/yiisoft/yii/framework/web/CWebApplication.php(282): CController->run('index')
#21 /home/vetal/test/yii-composer/vendor/yiisoft/yii/framework/web/CWebApplication.php(141): CWebApplication->runController('site/index')
#22 /home/vetal/test/yii-composer/vendor/yiisoft/yii/framework/base/CApplication.php(180): CWebApplication->processRequest()
#23 /home/vetal/test/yii-composer/app/index.php(13): CApplication->run()
#24 {main}
REQUEST_URI=/yii-composer/app/index.php?r=site/index
HTTP_REFERER=http://test/yii-composer/app/index.php?r=site/login
---
2013/12/09 21:00:30 [error] [exception.CException] exception 'CException' with message 'CWebUser and its behaviors do not have a method or closure named "isAdmin".' in /home/vetal/test/yii-composer/vendor/yiisoft/yii/framework/base/CComponent.php:266
Stack trace:
#0 /home/vetal/test/yii-composer/app/protected/views/layouts/main.php(32): CComponent->__call('isAdmin', Array)
#1 /home/vetal/test/yii-composer/app/protected/views/layouts/main.php(32): CWebUser->isAdmin()
#2 /home/vetal/test/yii-composer/vendor/yiisoft/yii/framework/web/CBaseController.php(126): require('/home/vetal/tes...')
#3 /home/vetal/test/yii-composer/vendor/yiisoft/yii/framework/web/CBaseController.php(95): CBaseController->renderInternal('/home/vetal/tes...', Array, true)
#4 /home/vetal/test/yii-composer/vendor/yiisoft/yii/framework/web/widgets/CContentDecorator.php(76): CBaseController->renderFile('/home/vetal/tes...', Array, true)
#5 /home/vetal/test/yii-composer/vendor/yiisoft/yii/framework/web/widgets/CContentDecorator.php(54): CContentDecorator->decorate('<div id="conten...')
#6 /home/vetal/test/yii-composer/vendor/yiisoft/yii/framework/web/widgets/COutputProcessor.php(44): CContentDecorator->processOutput('<div id="conten...')
#7 /home/vetal/test/yii-composer/vendor/yiisoft/yii/framework/web/CBaseController.php(214): COutputProcessor->run()
#8 /home/vetal/test/yii-composer/vendor/yiisoft/yii/framework/web/CBaseController.php(308): CBaseController->endWidget('CContentDecorat...')
#9 /home/vetal/test/yii-composer/app/protected/views/layouts/column1.php(6): CBaseController->endContent()
#10 /home/vetal/test/yii-composer/vendor/yiisoft/yii/framework/web/CBaseController.php(126): require('/home/vetal/tes...')
#11 /home/vetal/test/yii-composer/vendor/yiisoft/yii/framework/web/CBaseController.php(95): CBaseController->renderInternal('/home/vetal/tes...', Array, true)
#12 /home/vetal/test/yii-composer/vendor/yiisoft/yii/framework/web/CController.php(784): CBaseController->renderFile('/home/vetal/tes...', Array, true)
#13 /home/vetal/test/yii-composer/app/protected/controllers/SiteController.php(72): CController->render('contact', Array)
#14 /home/vetal/test/yii-composer/vendor/yiisoft/yii/framework/web/actions/CInlineAction.php(49): SiteController->actionContact()
#15 /home/vetal/test/yii-composer/vendor/yiisoft/yii/framework/web/CController.php(308): CInlineAction->runWithParams(Array)
#16 /home/vetal/test/yii-composer/vendor/yiisoft/yii/framework/web/CController.php(286): CController->runAction(Object(CInlineAction))
#17 /home/vetal/test/yii-composer/vendor/yiisoft/yii/framework/web/CController.php(265): CController->runActionWithFilters(Object(CInlineAction), Array)
#18 /home/vetal/test/yii-composer/vendor/yiisoft/yii/framework/web/CWebApplication.php(282): CController->run('contact')
#19 /home/vetal/test/yii-composer/vendor/yiisoft/yii/framework/web/CWebApplication.php(141): CWebApplication->runController('site/contact')
#20 /home/vetal/test/yii-composer/vendor/yiisoft/yii/framework/base/CApplication.php(180): CWebApplication->processRequest()
#21 /home/vetal/test/yii-composer/app/index.php(13): CApplication->run()
#22 {main}
REQUEST_URI=/yii-composer/app/index.php?r=site/contact
HTTP_REFERER=http://test/yii-composer/app/index.php?r=site/index
---
